2016/06/05 16:27:21 にビルドを開始しました。
     1>ノード 2 上のプロジェクト "C:\Users\tenshi\Desktop\Programming\NOW\DirectXlib\TenshiEngine\TenshiEngine\CustomControls\CustomControls.vcxproj" (Build ターゲット)。
     1>InitializeBuildStatus:
         "AlwaysCreate" が指定されたため "ExeCompile\CustomControls.tlog\unsuccessfulbuild" を作成しています。
       GenerateTargetFrameworkMonikerAttribute:
       すべての出力ファイルが入力ファイルに対して最新なので、ターゲット "GenerateTargetFrameworkMonikerAttribute" を省略します。
       ClCompile:
         C:\Program Files (x86)\Microsoft Visual Studio 12.0\VC\bin\CL.exe /c /AI"C:\Program Files (x86)\Reference Assemblies\Microsoft\Framework\.NETFramework\v4.5\\" /AI"C:\Program Files (x86)\Windows Kits\8.1\References\CommonConfiguration\Neutral" /AI"C:\Program Files (x86)\Reference Assemblies\Microsoft\Framework\.NETFramework\v4.5\Facades\\" /Zi /clr /nologo /W3 /WX- /O2 /Oy- /D WIN32 /D NDEBUG /D _WINDLL /D _UNICODE /D UNICODE /EHa /MD /GS /fp:precise /Zc:wchar_t /Zc:forScope /Fo"ExeCompile\\" /Fd"ExeCompile\vc120.pdb" /TP /FU"C:\Program Files (x86)\Reference Assemblies\Microsoft\Framework\.NETFramework\v4.5\mscorlib.dll" /FU"C:\Program Files (x86)\Reference Assemblies\Microsoft\Framework\.NETFramework\v4.5\PresentationCore.dll" /FU"C:\Program Files (x86)\Reference Assemblies\Microsoft\Framework\.NETFramework\v4.5\PresentationFramework.dll" /FU"C:\Program Files (x86)\Reference Assemblies\Microsoft\Framework\.NETFramework\v4.5\System.Data.dll" /FU"C:\Program Files (x86)\Reference Assemblies\Microsoft\Framework\.NETFramework\v4.5\System.dll" /FU"C:\Program Files (x86)\Reference Assemblies\Microsoft\Framework\.NETFramework\v4.5\System.Windows.Forms.dll" /FU"C:\Program Files (x86)\Reference Assemblies\Microsoft\Framework\.NETFramework\v4.5\System.Xaml.dll" /FU"C:\Program Files (x86)\Reference Assemblies\Microsoft\Framework\.NETFramework\v4.5\System.Xml.dll" /FU"C:\Program Files (x86)\Reference Assemblies\Microsoft\Framework\.NETFramework\v4.5\WindowsBase.dll" /FU"C:\Program Files (x86)\Reference Assemblies\Microsoft\Framework\.NETFramework\v4.5\WindowsFormsIntegration.dll" /analyze- /errorReport:prompt /clr:nostdlib main.cpp
         main.cpp
     1>c:\users\tenshi\desktop\programming\now\directxlib\tenshiengine\tenshiengine\customcontrols\main.h(68): warning C4091: '__declspec(dllexport)' : 変数が何も宣言されていないときは、'TestContent::Contents' の左辺を無視します。
     1>c:\users\tenshi\desktop\programming\now\directxlib\tenshiengine\tenshiengine\customcontrols\main.h(85): warning C4091: '__declspec(dllexport)' : 変数が何も宣言されていないときは、'TestContent::MyList' の左辺を無視します。
     1>c:\users\tenshi\desktop\programming\now\directxlib\tenshiengine\tenshiengine\customcontrols\main.h(127): warning C4091: '__declspec(dllexport)' : 変数が何も宣言されていないときは、'TestContent::Person' の左辺を無視します。
         C:\Program Files (x86)\Microsoft Visual Studio 12.0\VC\bin\CL.exe /c /Zi /clr /nologo /W3 /WX- /O2 /Oy- /D WIN32 /D NDEBUG /D _WINDLL /D _UNICODE /D UNICODE /EHa /MD /GS /fp:precise /Zc:wchar_t /Zc:forScope /Fo"ExeCompile\\" /Fd"ExeCompile\vc120.pdb" /TP /analyze- /errorReport:prompt "C:\Users\tenshi\AppData\Local\Temp\.NETFramework,Version=v4.5.AssemblyAttributes.cpp"
         .NETFramework,Version=v4.5.AssemblyAttributes.cpp
       Link:
         C:\Program Files (x86)\Microsoft Visual Studio 12.0\VC\bin\link.exe /ERRORREPORT:PROMPT /OUT:"C:\Users\tenshi\Desktop\Programming\NOW\DirectXlib\TenshiEngine\TenshiEngine\ExeCompile\CustomControls.dll" /INCREMENTAL:NO /NOLOGO /MANIFEST /MANIFESTUAC:"level='asInvoker' uiAccess='false'" /manifest:embed /DEBUG /PDB:"C:\Users\tenshi\Desktop\Programming\NOW\DirectXlib\TenshiEngine\TenshiEngine\ExeCompile\CustomControls.pdb" /TLBID:1 /DYNAMICBASE /FIXED:NO /NXCOMPAT /MACHINE:X86 /SAFESEH /DLL ExeCompile\main.obj
         "ExeCompile\.NETFramework,Version=v4.5.AssemblyAttributes.obj"
         CustomControls.vcxproj -> C:\Users\tenshi\Desktop\Programming\NOW\DirectXlib\TenshiEngine\TenshiEngine\ExeCompile\CustomControls.dll
       FinalizeBuildStatus:
         ファイル "ExeCompile\CustomControls.tlog\unsuccessfulbuild" を削除しています。
         "ExeCompile\CustomControls.tlog\CustomControls.lastbuildstate" のタッチ タスクを実行しています。
     1>プロジェクト "C:\Users\tenshi\Desktop\Programming\NOW\DirectXlib\TenshiEngine\TenshiEngine\CustomControls\CustomControls.vcxproj" (Build ターゲット) のビルドが完了しました。

ビルドに成功しました。

経過時間 00:00:00.93
